{"level":"error","git_revision":"","go_version":"go1.21.3","conn_id":"kyAc0KKgYgI8c6Y2","duration":4.6395,"error":"pq: SSL is not enabled on the server","time":1706685111,"time":"2024-01-31T14:11:51+07:00","message":"Connect"}
{"level":"error","git_revision":"","go_version":"go1.21.3","error":"pq: SSL is not enabled on the server","time":"2024-01-31T14:13:49+07:00","message":"error while creating user"}
{"level":"error","git_revision":"","go_version":"go1.21.3","conn_id":"Csw6yKeCKY2awu6o","duration":15.931042,"error":"pq: SSL is not enabled on the server","time":1706685347,"time":"2024-01-31T14:15:47+07:00","message":"Connect"}
{"level":"error","git_revision":"","go_version":"go1.21.3","error":"pq: SSL is not enabled on the server","time":"2024-01-31T14:15:49+07:00","message":"error while creating user"}
{"level":"error","git_revision":"","go_version":"go1.21.3","conn_id":"e2Aywwew02SISico","duration":7.493833,"error":"pq: SSL is not enabled on the server","time":1706686206,"time":"2024-01-31T14:30:06+07:00","message":"Connect"}
{"level":"error","git_revision":"","go_version":"go1.21.3","conn_id":"A8o2e4wuqKaumKMY","duration":8.340958,"error":"pq: SSL is not enabled on the server","time":1706686242,"time":"2024-01-31T14:30:42+07:00","message":"Connect"}
{"level":"error","git_revision":"","go_version":"go1.21.3","error":"pq: SSL is not enabled on the server","time":"2024-01-31T14:30:53+07:00","message":"error while creating user"}
{"level":"error","git_revision":"","go_version":"go1.21.3","conn_id":"ma8owsg_Q48gYkGq","duration":5.615125,"error":"pq: SSL is not enabled on the server","time":1706686432,"time":"2024-01-31T14:33:52+07:00","message":"Connect"}
{"level":"error","git_revision":"","go_version":"go1.21.3","error":"pq: SSL is not enabled on the server","time":"2024-01-31T14:33:57+07:00","message":"error while creating user"}
{"level":"error","git_revision":"","go_version":"go1.21.3","error":"pq: SSL is not enabled on the server","time":"2024-01-31T14:34:05+07:00","message":"error while creating user"}
{"level":"error","git_revision":"","go_version":"go1.21.3","conn_id":"UOkiIAmUQMUyk0Ai","duration":5.805875,"error":"pq: SSL is not enabled on the server","time":1706686470,"time":"2024-01-31T14:34:30+07:00","message":"Connect"}
{"level":"error","git_revision":"","go_version":"go1.21.3","error":"pq: SSL is not enabled on the server","time":"2024-01-31T14:34:32+07:00","message":"error while creating user"}
{"level":"error","git_revision":"","go_version":"go1.21.3","conn_id":"G68WAIkAiC80uoUU","duration":7.2355,"error":"pq: SSL is not enabled on the server","time":1706686860,"time":"2024-01-31T14:41:00+07:00","message":"Connect"}
{"level":"error","git_revision":"","go_version":"go1.21.3","error":"pq: SSL is not enabled on the server","time":"2024-01-31T14:41:04+07:00","message":"error while creating user"}
{"level":"error","git_revision":"","go_version":"go1.21.3","conn_id":"qqMkAyASmEiKmeoC","duration":5.91875,"error":"pq: SSL is not enabled on the server","time":1706686930,"time":"2024-01-31T14:42:10+07:00","caller":"/Users/khangle/go/pkg/mod/github.com/simukti/sqldb-logger/logadapter/zerologadapter@v0.0.0-20230108155151-646c1a075551/logger.go:38","message":"Connect"}
{"level":"error","git_revision":"","go_version":"go1.21.3","error":"pq: SSL is not enabled on the server","time":"2024-01-31T14:42:19+07:00","caller":"/Users/khangle/Documents/GoDev/share_room/graph/schema.resolvers.go:142","message":"error while creating user"}
{"level":"error","git_revision":"","go_version":"go1.21.3","conn_id":"S0UmS8K86soWk_Wq","duration":8.088291,"error":"pq: SSL is not enabled on the server","time":1706687002,"time":"2024-01-31T14:43:22+07:00","caller":"/Users/khangle/go/pkg/mod/github.com/simukti/sqldb-logger/logadapter/zerologadapter@v0.0.0-20230108155151-646c1a075551/logger.go:38","message":"Connect"}
{"level":"error","git_revision":"","go_version":"go1.21.3","error":"pq: SSL is not enabled on the server","time":"2024-01-31T14:43:24+07:00","caller":"/Users/khangle/Documents/GoDev/share_room/graph/schema.resolvers.go:142","message":"error while creating user"}
{"level":"error","git_revision":"","go_version":"go1.21.3","conn_id":"miAY0Oyoac0Q0MAg","duration":6.380417,"error":"pq: SSL is not enabled on the server","time":1706687074,"time":"2024-01-31T14:44:34+07:00","caller":"/Users/khangle/go/pkg/mod/github.com/simukti/sqldb-logger/logadapter/zerologadapter@v0.0.0-20230108155151-646c1a075551/logger.go:38","message":"Connect"}
{"level":"error","git_revision":"","go_version":"go1.21.3","error":"pq: SSL is not enabled on the server","time":"2024-01-31T14:44:40+07:00","caller":"/Users/khangle/Documents/GoDev/share_room/graph/schema.resolvers.go:142","message":"error while creating user"}
{"level":"error","git_revision":"","go_version":"go1.21.3","conn_id":"WsCwqOmKuCMssyGy","duration":6.096917,"error":"pq: SSL is not enabled on the server","time":1706687192,"time":"2024-01-31T14:46:32+07:00","caller":"/Users/khangle/go/pkg/mod/github.com/simukti/sqldb-logger/logadapter/zerologadapter@v0.0.0-20230108155151-646c1a075551/logger.go:38","message":"Connect"}
{"level":"error","git_revision":"","go_version":"go1.21.3","error":"pq: SSL is not enabled on the server","time":"2024-01-31T14:46:34+07:00","caller":"/Users/khangle/Documents/GoDev/share_room/graph/schema.resolvers.go:142","message":"error while creating user"}
{"level":"error","git_revision":"","go_version":"go1.21.3","conn_id":"Me_AqcqAkSQUmUs4","duration":5.490625,"error":"pq: SSL is not enabled on the server","time":1706687259,"time":"2024-01-31T14:47:39+07:00","caller":"/Users/khangle/go/pkg/mod/github.com/simukti/sqldb-logger/logadapter/zerologadapter@v0.0.0-20230108155151-646c1a075551/logger.go:38","message":"Connect"}
{"level":"error","git_revision":"","go_version":"go1.21.3","time":"2024-01-31T14:47:40+07:00","caller":"/Users/khangle/Documents/GoDev/share_room/graph/schema.resolvers.go:142","message":"error while creating user"}
{"level":"error","git_revision":"","go_version":"go1.21.3","conn_id":"2CwA6Oo8yCi8e6KS","duration":5.099875,"error":"pq: SSL is not enabled on the server","time":1706687277,"time":"2024-01-31T14:47:57+07:00","caller":"/Users/khangle/go/pkg/mod/github.com/simukti/sqldb-logger/logadapter/zerologadapter@v0.0.0-20230108155151-646c1a075551/logger.go:38","message":"Connect"}
{"level":"error","git_revision":"","go_version":"go1.21.3","time":"2024-01-31T14:48:06+07:00","caller":"/Users/khangle/Documents/GoDev/share_room/graph/schema.resolvers.go:142","message":"error while creating user"}
{"level":"error","git_revision":"","go_version":"go1.21.3","conn_id":"My6OACCEE00UuOog","duration":4.832292,"error":"pq: SSL is not enabled on the server","time":1706687888,"time":"2024-01-31T14:58:08+07:00","caller":"/Users/khangle/go/pkg/mod/github.com/simukti/sqldb-logger/logadapter/zerologadapter@v0.0.0-20230108155151-646c1a075551/logger.go:38","message":"Connect"}
{"level":"error","git_revision":"","go_version":"go1.21.3","time":"2024-01-31T14:58:12+07:00","caller":"/Users/khangle/Documents/GoDev/share_room/graph/schema.resolvers.go:143","message":"error while creating user"}
{"level":"error","git_revision":"","go_version":"go1.21.3","time":"2024-01-31T14:58:26+07:00","caller":"/Users/khangle/Documents/GoDev/share_room/graph/schema.resolvers.go:143","message":"error while creating user"}
{"level":"error","git_revision":"","go_version":"go1.21.3","conn_id":"_CAmS_aGuuWSwYOw","duration":15.537333,"error":"pq: SSL is not enabled on the server","time":1706688350,"time":"2024-01-31T15:05:50+07:00","caller":"/Users/khangle/go/pkg/mod/github.com/simukti/sqldb-logger/logadapter/zerologadapter@v0.0.0-20230108155151-646c1a075551/logger.go:38","message":"Connect"}
{"level":"error","git_revision":"","go_version":"go1.21.3","time":"2024-01-31T15:05:55+07:00","caller":"/Users/khangle/Documents/GoDev/share_room/graph/schema.resolvers.go:143","message":"error while creating user"}
{"level":"error","git_revision":"","go_version":"go1.21.3","conn_id":"aMSK2QuMayGq4EQQ","duration":5.673417,"error":"pq: SSL is not enabled on the server","time":1706688378,"time":"2024-01-31T15:06:18+07:00","caller":"/Users/khangle/go/pkg/mod/github.com/simukti/sqldb-logger/logadapter/zerologadapter@v0.0.0-20230108155151-646c1a075551/logger.go:38","message":"Connect"}
{"level":"error","git_revision":"","go_version":"go1.21.3","time":"2024-01-31T15:06:22+07:00","caller":"/Users/khangle/Documents/GoDev/share_room/graph/schema.resolvers.go:143","message":"error while creating user"}
{"level":"error","git_revision":"","go_version":"go1.21.3","conn_id":"I_mcMe0K0asYO_qq","duration":3.991291,"error":"pq: SSL is not enabled on the server","time":1706688438,"time":"2024-01-31T15:07:18+07:00","caller":"/Users/khangle/go/pkg/mod/github.com/simukti/sqldb-logger/logadapter/zerologadapter@v0.0.0-20230108155151-646c1a075551/logger.go:38","message":"Connect"}
{"level":"error","git_revision":"","go_version":"go1.21.3","time":"2024-01-31T15:07:24+07:00","caller":"/Users/khangle/Documents/GoDev/share_room/graph/schema.resolvers.go:143","message":"error while creating user"}
{"level":"error","git_revision":"","go_version":"go1.21.3","conn_id":"M6aSoucI8MaKGEoU","duration":5.0675,"error":"pq: SSL is not enabled on the server","time":1706688454,"time":"2024-01-31T15:07:34+07:00","caller":"/Users/khangle/go/pkg/mod/github.com/simukti/sqldb-logger/logadapter/zerologadapter@v0.0.0-20230108155151-646c1a075551/logger.go:38","message":"Connect"}
{"level":"error","git_revision":"","go_version":"go1.21.3","conn_id":"Y__gCUkymEiCkqOE","duration":6.049708,"error":"pq: SSL is not enabled on the server","time":1706696451,"time":"2024-01-31T17:20:51+07:00","caller":"/Users/khangle/go/pkg/mod/github.com/simukti/sqldb-logger/logadapter/zerologadapter@v0.0.0-20230108155151-646c1a075551/logger.go:38","message":"Connect"}
{"level":"error","git_revision":"","go_version":"go1.21.3","error":"pq: SSL is not enabled on the server","time":"2024-01-31T17:21:06+07:00","caller":"/Users/khangle/Documents/GoDev/share_room/graph/schema.resolvers.go:142","message":"error while creating user"}
